<?xml version="1.0" encoding="UTF-8"?>
<!-- Generated by org.testng.reporters.JUnitReportReporter -->
<testsuite hostname="LPTP120" failures="0" tests="1" name="sel_java.StreamsExercise" time="0.010" errors="0" timestamp="2024-09-15T16:47:48 IST" skipped="0">
  <testcase classname="sel_java.StreamsExercise" name="StreamCollect" time="0.010"/>
</testsuite> <!-- sel_java.StreamsExercise -->
