<?xml version="1.0" encoding="UTF-8"?>
<!-- Generated by org.testng.reporters.JUnitReportReporter -->
<testsuite hostname="LPTP120" failures="0" tests="1" name="coreJava.PS1" time="0.007" errors="0" timestamp="2024-09-24T10:29:50 IST" skipped="0">
  <testcase classname="coreJava.PS1" name="testrun" time="0.007"/>
</testsuite> <!-- coreJava.PS1 -->
