<?xml version="1.0" encoding="UTF-8"?>
<!-- Generated by org.testng.reporters.JUnitReportReporter -->
<testsuite hostname="LPTP120" failures="0" tests="3" name="testNGTurtorial.day4" time="0.004" errors="0" timestamp="2024-09-23T18:23:02 IST" skipped="0">
  <testcase classname="testNGTurtorial.day4" name="LoginAPIHomeLoan" time="0.001"/>
  <testcase classname="testNGTurtorial.day4" name="MobileloginHomeLoan" time="0.001"/>
  <testcase classname="testNGTurtorial.day4" name="Webloginhomeloan" time="0.002"/>
</testsuite> <!-- testNGTurtorial.day4 -->
