<?xml version="1.0" encoding="UTF-8"?>
<!-- Generated by org.testng.reporters.JUnitReportReporter -->
<testsuite hostname="LPTP120" failures="0" tests="1" name="testNGTurtorial.day2" time="0.003" errors="0" timestamp="2024-09-23T18:23:02 IST" skipped="0">
  <testcase classname="testNGTurtorial.day2" name="plan" time="0.003"/>
</testsuite> <!-- testNGTurtorial.day2 -->
