<?xml version="1.0" encoding="UTF-8"?>
<!-- Generated by org.testng.reporters.JUnitReportReporter -->
<testsuite hostname="LPTP120" failures="0" tests="2" name="testNGTurtorial.day1" time="0.006" errors="0" timestamp="2024-09-23T18:23:02 IST" skipped="0">
  <testcase classname="testNGTurtorial.day1" name="demo" time="0.005"/>
  <testcase classname="testNGTurtorial.day1" name="secondTest" time="0.001"/>
</testsuite> <!-- testNGTurtorial.day1 -->
