<?xml version="1.0" encoding="UTF-8"?>
<!-- Generated by org.testng.reporters.JUnitReportReporter -->
<testsuite hostname="LPTP120" failures="0" tests="6" name="testNGTurtorial.day3" time="0.012" errors="0" timestamp="2024-09-23T18:23:02 IST" skipped="1">
  <testcase classname="testNGTurtorial.day3" name="MobileloginCarLoan" time="0.002"/>
  <testcase classname="testNGTurtorial.day3" name="MobileSignOutCarLoan" time="0.002"/>
  <testcase classname="testNGTurtorial.day3" name="webloginCarLoan" time="0.003"/>
  <testcase classname="testNGTurtorial.day3" name="MobileSignOutCarLoan" time="0.004"/>
  <testcase classname="testNGTurtorial.day3" name="MobileSignOutCarLoan" time="0.001"/>
  <testcase classname="testNGTurtorial.day3" name="MobileSignInCarLoan">
    <skipped/>
  </testcase> <!-- MobileSignInCarLoan -->
</testsuite> <!-- testNGTurtorial.day3 -->
